0 info it worked if it ends with ok
1 verbose cli [ '/Users/bengroulx/.nvm/versions/node/v6.9.4/bin/node',
1 verbose cli   '/Users/bengroulx/.nvm/versions/node/v6.9.4/bin/npm',
1 verbose cli   'run',
1 verbose cli   'compile' ]
2 info using npm@3.10.10
3 info using node@v6.9.4
4 verbose run-script [ 'precompile', 'compile', 'postcompile' ]
5 info lifecycle house-house-design-studio@2.0.0~precompile: house-house-design-studio@2.0.0
6 silly lifecycle house-house-design-studio@2.0.0~precompile: no script for precompile, continuing
7 info lifecycle house-house-design-studio@2.0.0~compile: house-house-design-studio@2.0.0
8 verbose lifecycle house-house-design-studio@2.0.0~compile: unsafe-perm in lifecycle true
9 verbose lifecycle house-house-design-studio@2.0.0~compile: PATH: /Users/bengroulx/.nvm/versions/node/v6.9.4/lib/node_modules/npm/bin/node-gyp-bin:/Users/bengroulx/Documents/Development/house-house.design/node_modules/.bin:/Users/bengroulx/.nvm/versions/node/v6.9.4/bin:/Users/bengroulx/.rvm/gems/ruby-2.3.1/bin:/Users/bengroulx/.rvm/gems/ruby-2.3.1@global/bin:/Users/bengroulx/.rvm/rubies/ruby-2.3.1/bin:/usr/local/bin:/usr/bin:/bin:/usr/sbin:/sbin:/usr/local/git/bin:/Users/bengroulx/.rvm/bin
10 verbose lifecycle house-house-design-studio@2.0.0~compile: CWD: /Users/bengroulx/Documents/Development/house-house.design
11 silly lifecycle house-house-design-studio@2.0.0~compile: Args: [ '-c', 'harp compile local/ public/' ]
12 silly lifecycle house-house-design-studio@2.0.0~compile: Returned: code: 1  signal: null
13 info lifecycle house-house-design-studio@2.0.0~compile: Failed to exec compile script
14 verbose stack Error: house-house-design-studio@2.0.0 compile: `harp compile local/ public/`
14 verbose stack Exit status 1
14 verbose stack     at EventEmitter.<anonymous> (/Users/bengroulx/.nvm/versions/node/v6.9.4/lib/node_modules/npm/lib/utils/lifecycle.js:255:16)
14 verbose stack     at emitTwo (events.js:106:13)
14 verbose stack     at EventEmitter.emit (events.js:191:7)
14 verbose stack     at ChildProcess.<anonymous> (/Users/bengroulx/.nvm/versions/node/v6.9.4/lib/node_modules/npm/lib/utils/spawn.js:40:14)
14 verbose stack     at emitTwo (events.js:106:13)
14 verbose stack     at ChildProcess.emit (events.js:191:7)
14 verbose stack     at maybeClose (internal/child_process.js:877:16)
14 verbose stack     at Process.ChildProcess._handle.onexit (internal/child_process.js:226:5)
15 verbose pkgid house-house-design-studio@2.0.0
16 verbose cwd /Users/bengroulx/Documents/Development/house-house.design
17 error Darwin 16.3.0
18 error argv "/Users/bengroulx/.nvm/versions/node/v6.9.4/bin/node" "/Users/bengroulx/.nvm/versions/node/v6.9.4/bin/npm" "run" "compile"
19 error node v6.9.4
20 error npm  v3.10.10
21 error code ELIFECYCLE
22 error house-house-design-studio@2.0.0 compile: `harp compile local/ public/`
22 error Exit status 1
23 error Failed at the house-house-design-studio@2.0.0 compile script 'harp compile local/ public/'.
23 error Make sure you have the latest version of node.js and npm installed.
23 error If you do, this is most likely a problem with the house-house-design-studio package,
23 error not with npm itself.
23 error Tell the author that this fails on your system:
23 error     harp compile local/ public/
23 error You can get information on how to open an issue for this project with:
23 error     npm bugs house-house-design-studio
23 error Or if that isn't available, you can get their info via:
23 error     npm owner ls house-house-design-studio
23 error There is likely additional logging output above.
24 verbose exit [ 1, true ]
